total 91714
-rwxr-xr-x 1 Lenovo 197121   72418 Feb 12 17:47 [.exe*
-rwxr-xr-x 1 Lenovo 197121    3075 Feb 12 17:47 addgnupghome*
-rwxr-xr-x 1 Lenovo 197121    2217 Feb 12 17:47 applygnupgdefaults*
-rwxr-xr-x 1 Lenovo 197121   35876 Feb 12 17:47 arch.exe*
-rwxr-xr-x 1 Lenovo 197121     939 Feb 12 17:47 astextplain*
-rwxr-xr-x 1 Lenovo 197121  779620 Feb 12 17:47 awk.exe*
-rwxr-xr-x 1 Lenovo 197121   55390 Feb 12 17:47 b2sum.exe*
-rwxr-xr-x 1 Lenovo 197121    7339 Feb 12 17:47 backup*
-rwxr-xr-x 1 Lenovo 197121   41819 Feb 12 17:47 base32.exe*
-rwxr-xr-x 1 Lenovo 197121   41819 Feb 12 17:47 base64.exe*
-rwxr-xr-x 1 Lenovo 197121   34883 Feb 12 17:47 basename.exe*
-rwxr-xr-x 1 Lenovo 197121   49499 Feb 12 17:47 basenc.exe*
-rwxr-xr-x 1 Lenovo 197121 2553064 Feb 12 17:47 bash.exe*
-rwxr-xr-x 1 Lenovo 197121    6846 Feb 12 17:47 bashbug*
-rwxr-xr-x 1 Lenovo 197121   92176 Feb 12 17:47 bunzip2.exe*
-rwxr-xr-x 1 Lenovo 197121   92176 Feb 12 17:47 bzcat.exe*
-rwxr-xr-x 1 Lenovo 197121    2140 Feb 12 17:47 bzcmp*
-rwxr-xr-x 1 Lenovo 197121    2140 Feb 12 17:47 bzdiff*
-rwxr-xr-x 1 Lenovo 197121    2054 Feb 12 17:47 bzegrep*
-rwxr-xr-x 1 Lenovo 197121    2054 Feb 12 17:47 bzfgrep*
-rwxr-xr-x 1 Lenovo 197121    2054 Feb 12 17:47 bzgrep*
-rwxr-xr-x 1 Lenovo 197121   92176 Feb 12 17:47 bzip2.exe*
-rwxr-xr-x 1 Lenovo 197121   14653 Feb 12 17:47 bzip2recover.exe*
-rwxr-xr-x 1 Lenovo 197121    1297 Feb 12 17:47 bzless*
-rwxr-xr-x 1 Lenovo 197121    6986 Feb 12 17:47 c_rehash*
-rwxr-xr-x 1 Lenovo 197121   81920 Feb 12 17:47 captoinfo.exe*
-rwxr-xr-x 1 Lenovo 197121   38719 Feb 12 17:47 cat.exe*
-rwxr-xr-x 1 Lenovo 197121   30466 Feb 12 17:47 chattr.exe*
-rwxr-xr-x 1 Lenovo 197121   60112 Feb 12 17:47 chcon.exe*
-rwxr-xr-x 1 Lenovo 197121   66575 Feb 12 17:47 chgrp.exe*
-rwxr-xr-x 1 Lenovo 197121   58933 Feb 12 17:47 chmod.exe*
-rwxr-xr-x 1 Lenovo 197121   69199 Feb 12 17:47 chown.exe*
-rwxr-xr-x 1 Lenovo 197121   43648 Feb 12 17:47 chroot.exe*
-rwxr-xr-x 1 Lenovo 197121   37068 Feb 12 17:47 cksum.exe*
-rwxr-xr-x 1 Lenovo 197121   10752 Feb 12 17:47 clear.exe*
-rwxr-xr-x 1 Lenovo 197121   55905 Feb 12 17:47 cmp.exe*
-rwxr-xr-x 1 Lenovo 197121   49958 Feb 12 17:47 column.exe*
-rwxr-xr-x 1 Lenovo 197121   40237 Feb 12 17:47 comm.exe*
drwxr-xr-x 1 Lenovo 197121       0 Mar 29 14:43 core_perl/
-rwxr-xr-x 1 Lenovo 197121  114653 Feb 12 17:47 cp.exe*
-rwxr-xr-x 1 Lenovo 197121  112205 Feb 12 17:47 csplit.exe*
-rwxr-xr-x 1 Lenovo 197121   45102 Feb 12 17:47 cut.exe*
-rwxr-xr-x 1 Lenovo 197121  679617 Feb 12 17:47 cygcheck.exe*
-rwxr-xr-x 1 Lenovo 197121   53959 Feb 12 17:47 cygpath.exe*
-rwxr-xr-x 1 Lenovo 197121  262193 Feb 12 17:47 cygwin-console-helper.exe*
-rwxr-xr-x 1 Lenovo 197121   53825 Feb 12 17:47 d2u.exe*
-rwxr-xr-x 1 Lenovo 197121  118451 Feb 12 17:47 dash.exe*
-rwxr-xr-x 1 Lenovo 197121  120177 Feb 12 17:47 date.exe*
-rwxr-xr-x 1 Lenovo 197121   90732 Feb 12 17:47 dd.exe*
-rwxr-xr-x 1 Lenovo 197121  104899 Feb 12 17:47 df.exe*
-rwxr-xr-x 1 Lenovo 197121  279886 Feb 12 17:47 diff.exe*
-rwxr-xr-x 1 Lenovo 197121   60138 Feb 12 17:47 diff3.exe*
-rwxr-xr-x 1 Lenovo 197121  149479 Feb 12 17:47 dir.exe*
-rwxr-xr-x 1 Lenovo 197121   57476 Feb 12 17:47 dircolors.exe*
-rwxr-xr-x 1 Lenovo 197121   96175 Feb 12 17:47 dirmngr-client.exe*
-rwxr-xr-x 1 Lenovo 197121  393591 Feb 12 17:47 dirmngr.exe*
-rwxr-xr-x 1 Lenovo 197121   34830 Feb 12 17:47 dirname.exe*
-rwxr-xr-x 1 Lenovo 197121    3363 Feb 12 17:47 docx2txt*
-rwxr-xr-x 1 Lenovo 197121   21572 Feb 12 17:47 docx2txt.pl*
-rwxr-xr-x 1 Lenovo 197121   53825 Feb 12 17:47 dos2unix.exe*
-rwxr-xr-x 1 Lenovo 197121  168410 Feb 12 17:47 du.exe*
-rwxr-xr-x 1 Lenovo 197121   16511 Feb 12 17:47 dumpsexp.exe*
-rwxr-xr-x 1 Lenovo 197121   35755 Feb 12 17:47 echo.exe*
-rwxr-xr-x 1 Lenovo 197121      28 Feb 12 17:47 egrep*
-rwxr-xr-x 1 Lenovo 197121   44180 Feb 12 17:47 env.exe*
-rwxr-xr-x 1 Lenovo 197121 3826123 Feb 12 17:47 ex.exe*
-rwxr-xr-x 1 Lenovo 197121   38673 Feb 12 17:47 expand.exe*
-rwxr-xr-x 1 Lenovo 197121  111126 Feb 12 17:47 expr.exe*
-rwxr-xr-x 1 Lenovo 197121   77490 Feb 12 17:47 factor.exe*
-rwxr-xr-x 1 Lenovo 197121   33123 Feb 12 17:47 false.exe*
-rwxr-xr-x 1 Lenovo 197121      28 Feb 12 17:47 fgrep*
-rwxr-xr-x 1 Lenovo 197121   24225 Feb 12 17:47 file.exe*
-rwxr-xr-x 1 Lenovo 197121  341437 Feb 12 17:47 find.exe*
-rwxr-xr-x 1 Lenovo 197121    4797 Feb 12 17:47 findssl.sh*
-rwxr-xr-x 1 Lenovo 197121   43330 Feb 12 17:47 fmt.exe*
-rwxr-xr-x 1 Lenovo 197121   38204 Feb 12 17:47 fold.exe*
-rwxr-xr-x 1 Lenovo 197121   28476 Feb 12 17:47 funzip.exe*
-rwxr-xr-x 1 Lenovo 197121  779620 Feb 12 17:47 gawk-5.3.2.exe*
-rwxr-xr-x 1 Lenovo 197121  779620 Feb 12 17:47 gawk.exe*
-rwxr-xr-x 1 Lenovo 197121    6619 Feb 12 17:47 gawkbug*
-rwxr-xr-x 1 Lenovo 197121   29540 Feb 12 17:47 gencat.exe*
-rwxr-xr-x 1 Lenovo 197121   40828 Feb 12 17:47 getconf.exe*
-rwxr-xr-x 1 Lenovo 197121    5785 Feb 12 17:47 getemojis*
-rwxr-xr-x 1 Lenovo 197121   28764 Feb 12 17:47 getfacl.exe*
-rwxr-xr-x 1 Lenovo 197121    4168 Feb 12 17:47 getflags*
-rwxr-xr-x 1 Lenovo 197121    1459 Feb 12 17:47 getnoto*
-rwxr-xr-x 1 Lenovo 197121   29407 Feb 12 17:47 getopt.exe*
-rwxr-xr-x 1 Lenovo 197121   36574 Feb 12 17:47 gkill.exe*
-rwxr-xr-x 1 Lenovo 197121   28078 Feb 12 17:47 gmondump.exe*
-rwxr-xr-x 1 Lenovo 197121  407954 Feb 12 17:47 gpg-agent.exe*
-rwxr-xr-x 1 Lenovo 197121  236395 Feb 12 17:47 gpg-card.exe*
-rwxr-xr-x 1 Lenovo 197121  126078 Feb 12 17:47 gpg-connect-agent.exe*
-rwxr-xr-x 1 Lenovo 197121   36779 Feb 12 17:47 gpg-error.exe*
-rwxr-xr-x 1 Lenovo 197121  105664 Feb 12 17:47 gpg-mail-tube.exe*
-rwxr-xr-x 1 Lenovo 197121  195792 Feb 12 17:47 gpg-wks-client.exe*
-rwxr-xr-x 1 Lenovo 197121  170482 Feb 12 17:47 gpg-wks-server.exe*
-rwxr-xr-x 1 Lenovo 197121 1130330 Feb 12 17:47 gpg.exe*
-rwxr-xr-x 1 Lenovo 197121  145721 Feb 12 17:47 gpgconf.exe*
-rwxr-xr-x 1 Lenovo 197121   28007 Feb 12 17:47 gpgparsemail.exe*
-rwxr-xr-x 1 Lenovo 197121  221446 Feb 12 17:47 gpgscm.exe*
-rwxr-xr-x 1 Lenovo 197121  570204 Feb 12 17:47 gpgsm.exe*
-rwxr-xr-x 1 Lenovo 197121   65545 Feb 12 17:47 gpgsplit.exe*
-rwxr-xr-x 1 Lenovo 197121  115182 Feb 12 17:47 gpgtar.exe*
-rwxr-xr-x 1 Lenovo 197121  514306 Feb 12 17:47 gpgv.exe*
-rwxr-xr-x 1 Lenovo 197121  213710 Feb 12 17:47 grep.exe*
-rwxr-xr-x 1 Lenovo 197121   36590 Feb 12 17:47 groups.exe*
-rwxr-xr-x 1 Lenovo 197121    2266 Feb 12 17:47 gunzip*
-rwxr-xr-x 1 Lenovo 197121    6379 Feb 12 17:47 gzexe*
-rwxr-xr-x 1 Lenovo 197121  122010 Feb 12 17:47 gzip.exe*
-rwxr-xr-x 1 Lenovo 197121   45413 Feb 12 17:47 head.exe*
-rwxr-xr-x 1 Lenovo 197121   17059 Feb 12 17:47 hmac256.exe*
-rwxr-xr-x 1 Lenovo 197121   33315 Feb 12 17:47 hostid.exe*
-rwxr-xr-x 1 Lenovo 197121   33894 Feb 12 17:47 hostname.exe*
-rwxr-xr-x 1 Lenovo 197121   43959 Feb 12 17:47 id.exe*
-rwxr-xr-x 1 Lenovo 197121   58880 Feb 12 17:47 infocmp.exe*
-rwxr-xr-x 1 Lenovo 197121   81920 Feb 12 17:47 infotocap.exe*
-rwxr-xr-x 1 Lenovo 197121  148448 Feb 12 17:47 install.exe*
-rwxr-xr-x 1 Lenovo 197121   51222 Feb 12 17:47 join.exe*
-rwxr-xr-x 1 Lenovo 197121  165020 Feb 12 17:47 kbxutil.exe*
-rwxr-xr-x 1 Lenovo 197121   39432 Feb 12 17:47 kill.exe*
-rwxr-xr-x 1 Lenovo 197121   37790 Feb 12 17:47 ldd.exe*
-rwxr-xr-x 1 Lenovo 197121  135748 Feb 12 17:47 ldh.exe*
-rwxr-xr-x 1 Lenovo 197121  232286 Feb 12 17:47 less.exe*
-rwxr-xr-x 1 Lenovo 197121   12261 Feb 12 17:47 lessecho.exe*
-rwxr-xr-x 1 Lenovo 197121   20703 Feb 12 17:47 lesskey.exe*
-rwxr-xr-x 1 Lenovo 197121   33822 Feb 12 17:47 link.exe*
-rwxr-xr-x 1 Lenovo 197121   77077 Feb 12 17:47 ln.exe*
-rwxr-xr-x 1 Lenovo 197121   45162 Feb 12 17:47 locale.exe*
-rwxr-xr-x 1 Lenovo 197121  215027 Feb 12 17:47 locate.exe*
-rwxr-xr-x 1 Lenovo 197121   33855 Feb 12 17:47 logname.exe*
-rwxr-xr-x 1 Lenovo 197121  149479 Feb 12 17:47 ls.exe*
-rwxr-xr-x 1 Lenovo 197121   29805 Feb 12 17:47 lsattr.exe*
-rwxr-xr-x 1 Lenovo 197121   53825 Feb 12 17:47 mac2unix.exe*
-rwxr-xr-x 1 Lenovo 197121   47036 Feb 12 17:47 md5sum.exe*
-rwxr-xr-x 1 Lenovo 197121   28235 Feb 12 17:47 minidumper.exe*
-rwxr-xr-x 1 Lenovo 197121   12785 Feb 12 17:47 mintheme*
-rwxr-xr-x 1 Lenovo 197121 1256711 Feb 12 17:47 mintty.exe*
-rwxr-xr-x 1 Lenovo 197121   71435 Feb 12 17:47 mkdir.exe*
-rwxr-xr-x 1 Lenovo 197121   36564 Feb 12 17:47 mkfifo.exe*
-rwxr-xr-x 1 Lenovo 197121   43041 Feb 12 17:47 mkgroup.exe*
-rwxr-xr-x 1 Lenovo 197121   39738 Feb 12 17:47 mknod.exe*
-rwxr-xr-x 1 Lenovo 197121   42890 Feb 12 17:47 mkpasswd.exe*
-rwxr-xr-x 1 Lenovo 197121   44192 Feb 12 17:47 mktemp.exe*
-rwxr-xr-x 1 Lenovo 197121   35855 Feb 12 17:47 mount.exe*
-rwxr-xr-x 1 Lenovo 197121   18110 Feb 12 17:47 mpicalc.exe*
-rwxr-xr-x 1 Lenovo 197121 3362399 Feb 12 17:47 msys-2.0.dll*
-rwxr-xr-x 1 Lenovo 197121  180557 Feb 12 17:47 msys-apr-1-0.dll*
-rwxr-xr-x 1 Lenovo 197121  132605 Feb 12 17:47 msys-aprutil-1-0.dll*
-rwxr-xr-x 1 Lenovo 197121  547885 Feb 12 17:47 msys-asn1-8.dll*
-rwxr-xr-x 1 Lenovo 197121   69674 Feb 12 17:47 msys-assuan-9.dll*
-rwxr-xr-x 1 Lenovo 197121   67277 Feb 12 17:47 msys-bz2-1.dll*
-rwxr-xr-x 1 Lenovo 197121   50025 Feb 12 17:47 msys-cbor-0.11.dll*
-rwxr-xr-x 1 Lenovo 197121   10102 Feb 12 17:47 msys-com_err-1.dll*
-rwxr-xr-x 1 Lenovo 197121  219319 Feb 12 17:47 msys-crypt-2.dll*
-rwxr-xr-x 1 Lenovo 197121 4004032 Feb 12 17:48 msys-crypto-3.dll*
-rwxr-xr-x 1 Lenovo 197121  175481 Feb 12 17:48 msys-edit-0.dll*
-rwxr-xr-x 1 Lenovo 197121  163380 Feb 12 17:48 msys-expat-1.dll*
-rwxr-xr-x 1 Lenovo 197121   31609 Feb 12 17:48 msys-ffi-8.dll*
-rwxr-xr-x 1 Lenovo 197121  213075 Feb 12 17:48 msys-fido2-1.dll*
-rwxr-xr-x 1 Lenovo 197121  142049 Feb 12 17:48 msys-gcc_s-seh-1.dll*
-rwxr-xr-x 1 Lenovo 197121 1060355 Feb 12 17:48 msys-gcrypt-20.dll*
-rwxr-xr-x 1 Lenovo 197121  605220 Feb 12 17:48 msys-gmp-10.dll*
-rwxr-xr-x 1 Lenovo 197121 1821842 Feb 12 17:48 msys-gnutls-30.dll*
-rwxr-xr-x 1 Lenovo 197121  155840 Feb 12 17:48 msys-gpg-error-0.dll*
-rwxr-xr-x 1 Lenovo 197121  225361 Feb 12 17:48 msys-gssapi-3.dll*
-rwxr-xr-x 1 Lenovo 197121  200624 Feb 12 17:48 msys-hcrypto-4.dll*
-rwxr-xr-x 1 Lenovo 197121   51426 Feb 12 17:48 msys-heimbase-1.dll*
-rwxr-xr-x 1 Lenovo 197121   32789 Feb 12 17:48 msys-heimntlm-0.dll*
-rwxr-xr-x 1 Lenovo 197121  272980 Feb 12 17:48 msys-hogweed-6.dll*
-rwxr-xr-x 1 Lenovo 197121  274850 Feb 12 17:48 msys-hx509-5.dll*
-rwxr-xr-x 1 Lenovo 197121 1102666 Feb 12 17:48 msys-iconv-2.dll*
-rwxr-xr-x 1 Lenovo 197121  197084 Feb 12 17:48 msys-idn2-0.dll*
-rwxr-xr-x 1 Lenovo 197121  111181 Feb 12 17:48 msys-intl-8.dll*
-rwxr-xr-x 1 Lenovo 197121  483341 Feb 12 17:48 msys-krb5-26.dll*
-rwxr-xr-x 1 Lenovo 197121  241132 Feb 12 17:48 msys-ksba-8.dll*
-rwxr-xr-x 1 Lenovo 197121  149330 Feb 12 17:48 msys-lz4-1.dll*
-rwxr-xr-x 1 Lenovo 197121  181333 Feb 12 17:48 msys-lzma-5.dll*
-rwxr-xr-x 1 Lenovo 197121  160362 Feb 12 17:48 msys-magic-1.dll*
-rwxr-xr-x 1 Lenovo 197121  652490 Feb 12 17:48 msys-mpfr-6.dll*
-rwxr-xr-x 1 Lenovo 197121  353237 Feb 12 17:48 msys-ncursesw6.dll*
-rwxr-xr-x 1 Lenovo 197121  298894 Feb 12 17:48 msys-nettle-8.dll*
-rwxr-xr-x 1 Lenovo 197121   17194 Feb 12 17:48 msys-npth-0.dll*
-rwxr-xr-x 1 Lenovo 197121 1418309 Feb 12 17:48 msys-p11-kit-0.dll*
-rwxr-xr-x 1 Lenovo 197121  289270 Feb 12 17:48 msys-pcre-1.dll*
-rwxr-xr-x 1 Lenovo 197121  715403 Feb 12 17:48 msys-pcre2-8-0.dll*
-rwxr-xr-x 1 Lenovo 197121   11325 Feb 12 17:48 msys-pcre2-posix-3.dll*
-rwxr-xr-x 1 Lenovo 197121 3602464 Feb 12 17:48 msys-perl5_38.dll*
-rwxr-xr-x 1 Lenovo 197121   72450 Feb 12 17:48 msys-psl-5.dll*
-rwxr-xr-x 1 Lenovo 197121  287391 Feb 12 17:48 msys-readline8.dll*
-rwxr-xr-x 1 Lenovo 197121   66567 Feb 12 17:48 msys-roken-18.dll*
-rwxr-xr-x 1 Lenovo 197121   99432 Feb 12 17:48 msys-sasl2-3.dll*
-rwxr-xr-x 1 Lenovo 197121   97178 Feb 12 17:48 msys-serf-1-0.dll*
-rwxr-xr-x 1 Lenovo 197121  223333 Feb 12 17:48 msys-smartcols-1.dll*
-rwxr-xr-x 1 Lenovo 197121 1545690 Feb 12 17:48 msys-sqlite3-0.dll*
-rwxr-xr-x 1 Lenovo 197121  982100 Feb 12 17:48 msys-ssl-3.dll*
-rwxr-xr-x 1 Lenovo 197121  596859 Feb 12 17:48 msys-svn_client-1-0.dll*
-rwxr-xr-x 1 Lenovo 197121  108363 Feb 12 17:48 msys-svn_delta-1-0.dll*
-rwxr-xr-x 1 Lenovo 197121   89069 Feb 12 17:48 msys-svn_diff-1-0.dll*
-rwxr-xr-x 1 Lenovo 197121   44383 Feb 12 17:48 msys-svn_fs-1-0.dll*
-rwxr-xr-x 1 Lenovo 197121  304054 Feb 12 17:48 msys-svn_fs_fs-1-0.dll*
-rwxr-xr-x 1 Lenovo 197121   13077 Feb 12 17:48 msys-svn_fs_util-1-0.dll*
-rwxr-xr-x 1 Lenovo 197121  295153 Feb 12 17:48 msys-svn_fs_x-1-0.dll*
-rwxr-xr-x 1 Lenovo 197121   50965 Feb 12 17:48 msys-svn_ra-1-0.dll*
-rwxr-xr-x 1 Lenovo 197121   38900 Feb 12 17:48 msys-svn_ra_local-1-0.dll*
-rwxr-xr-x 1 Lenovo 197121  189703 Feb 12 17:48 msys-svn_ra_serf-1-0.dll*
-rwxr-xr-x 1 Lenovo 197121  129651 Feb 12 17:48 msys-svn_ra_svn-1-0.dll*
-rwxr-xr-x 1 Lenovo 197121  244325 Feb 12 17:48 msys-svn_repos-1-0.dll*
-rwxr-xr-x 1 Lenovo 197121  777643 Feb 12 17:48 msys-svn_subr-1-0.dll*
-rwxr-xr-x 1 Lenovo 197121   42689 Feb 12 17:48 msys-svn_swig_perl-1-0.dll*
-rwxr-xr-x 1 Lenovo 197121  711826 Feb 12 17:48 msys-svn_wc-1-0.dll*
-rwxr-xr-x 1 Lenovo 197121   73656 Feb 12 17:48 msys-tasn1-6.dll*
-rwxr-xr-x 1 Lenovo 197121   64883 Feb 12 17:48 msys-ticw6.dll*
-rwxr-xr-x 1 Lenovo 197121 2123146 Feb 12 17:48 msys-unistring-5.dll*
-rwxr-xr-x 1 Lenovo 197121   28624 Feb 12 17:48 msys-uuid-1.dll*
-rwxr-xr-x 1 Lenovo 197121  164937 Feb 12 17:48 msys-wind-0.dll*
-rwxr-xr-x 1 Lenovo 197121   88576 Feb 12 17:48 msys-z.dll*
-rwxr-xr-x 1 Lenovo 197121 1136580 Feb 12 17:48 msys-zstd-1.dll*
-rwxr-xr-x 1 Lenovo 197121  122430 Feb 12 17:48 mv.exe*
-rwxr-xr-x 1 Lenovo 197121  391562 Feb 12 17:48 nano.exe*
-rwxr-xr-x 1 Lenovo 197121   18423 Feb 12 17:48 nettle-hash.exe*
-rwxr-xr-x 1 Lenovo 197121   10236 Feb 12 17:48 nettle-lfib-stream.exe*
-rwxr-xr-x 1 Lenovo 197121   17999 Feb 12 17:48 nettle-pbkdf2.exe*
-rwxr-xr-x 1 Lenovo 197121   31721 Feb 12 17:48 newgrp.exe*
-rwxr-xr-x 1 Lenovo 197121   36525 Feb 12 17:48 nice.exe*
-rwxr-xr-x 1 Lenovo 197121  104060 Feb 12 17:48 nl.exe*
-rwxr-xr-x 1 Lenovo 197121   36594 Feb 12 17:48 nohup.exe*
-rwxr-xr-x 1 Lenovo 197121     635 Feb 12 17:48 notepad*
-rwxr-xr-x 1 Lenovo 197121   36659 Feb 12 17:48 nproc.exe*
-rwxr-xr-x 1 Lenovo 197121   61464 Feb 12 17:48 numfmt.exe*
-rwxr-xr-x 1 Lenovo 197121   86740 Feb 12 17:48 od.exe*
-rwxr-xr-x 1 Lenovo 197121 1004516 Feb 12 17:48 openssl.exe*
-rwxr-xr-x 1 Lenovo 197121  199552 Feb 12 17:48 p11-kit.exe*
-rwxr-xr-x 1 Lenovo 197121   42961 Feb 12 17:48 passwd.exe*
-rwxr-xr-x 1 Lenovo 197121   37588 Feb 12 17:48 paste.exe*
-rwxr-xr-x 1 Lenovo 197121  178952 Feb 12 17:48 patch.exe*
-rwxr-xr-x 1 Lenovo 197121   35362 Feb 12 17:48 pathchk.exe*
-rwxr-xr-x 1 Lenovo 197121   14315 Feb 12 17:48 perl.exe*
-rwxr-xr-x 1 Lenovo 197121   14315 Feb 12 17:48 perl5.38.2.exe*
-rwxr-xr-x 1 Lenovo 197121   79488 Feb 12 17:48 pinentry-w32.exe*
-rwxr-xr-x 1 Lenovo 197121   79488 Feb 12 17:48 pinentry.exe*
-rwxr-xr-x 1 Lenovo 197121   41090 Feb 12 17:48 pinky.exe*
-rwxr-xr-x 1 Lenovo 197121   23422 Feb 12 17:48 pkcs1-conv.exe*
-rwxr-xr-x 1 Lenovo 197121   26410 Feb 12 17:48 pldd.exe*
-rwxr-xr-x 1 Lenovo 197121   17725 Feb 12 17:48 pluginviewer.exe*
-rwxr-xr-x 1 Lenovo 197121   73622 Feb 12 17:48 pr.exe*
-rwxr-xr-x 1 Lenovo 197121   33795 Feb 12 17:48 printenv.exe*
-rwxr-xr-x 1 Lenovo 197121   72003 Feb 12 17:48 printf.exe*
-rwxr-xr-x 1 Lenovo 197121   64615 Feb 12 17:48 profiler.exe*
-rwxr-xr-x 1 Lenovo 197121   34095 Feb 12 17:48 ps.exe*
-rwxr-xr-x 1 Lenovo 197121   22801 Feb 12 17:48 psl-make-dafsa*
-rwxr-xr-x 1 Lenovo 197121   17570 Feb 12 17:48 psl.exe*
-rwxr-xr-x 1 Lenovo 197121  130279 Feb 12 17:48 ptx.exe*
-rwxr-xr-x 1 Lenovo 197121   36148 Feb 12 17:48 pwd.exe*
-rwxr-xr-x 1 Lenovo 197121   48491 Feb 12 17:48 readlink.exe*
-rwxr-xr-x 1 Lenovo 197121   49576 Feb 12 17:48 realpath.exe*
-rwxr-xr-x 1 Lenovo 197121  917446 Feb 12 17:48 rebase.exe*
-rwxr-xr-x 1 Lenovo 197121    7151 Feb 12 17:48 rebaseall*
-rwxr-xr-x 1 Lenovo 197121   45827 Feb 12 17:48 regtool.exe*
-rwxr-xr-x 1 Lenovo 197121   20480 Feb 12 17:48 reset.exe*
-rwxr-xr-x 1 Lenovo 197121    5997 Feb 12 17:48 restore*
-rwxr-xr-x 1 Lenovo 197121   63813 Feb 12 17:48 rm.exe*
-rwxr-xr-x 1 Lenovo 197121   62247 Feb 12 17:48 rmdir.exe*
-rwxr-xr-x 1 Lenovo 197121  391562 Feb 12 17:48 rnano.exe*
-rwxr-xr-x 1 Lenovo 197121   34817 Feb 12 17:48 runcon.exe*
-rwxr-xr-x 1 Lenovo 197121 3826123 Feb 12 17:48 rview.exe*
-rwxr-xr-x 1 Lenovo 197121 3826123 Feb 12 17:48 rvim.exe*
-rwxr-xr-x 1 Lenovo 197121  206921 Feb 12 17:48 scp.exe*
-rwxr-xr-x 1 Lenovo 197121   62159 Feb 12 17:48 sdiff.exe*
-rwxr-xr-x 1 Lenovo 197121  178140 Feb 12 17:48 sed.exe*
-rwxr-xr-x 1 Lenovo 197121   68488 Feb 12 17:48 seq.exe*
-rwxr-xr-x 1 Lenovo 197121   37904 Feb 12 17:48 setfacl.exe*
-rwxr-xr-x 1 Lenovo 197121   23109 Feb 12 17:48 setmetamode.exe*
-rwxr-xr-x 1 Lenovo 197121   29223 Feb 12 17:48 sexp-conv.exe*
-rwxr-xr-x 1 Lenovo 197121  219651 Feb 12 17:48 sftp.exe*
-rwxr-xr-x 1 Lenovo 197121 2553064 Feb 12 17:48 sh.exe*
-rwxr-xr-x 1 Lenovo 197121   50108 Feb 12 17:48 sha1sum.exe*
-rwxr-xr-x 1 Lenovo 197121   56252 Feb 12 17:48 sha224sum.exe*
-rwxr-xr-x 1 Lenovo 197121   56252 Feb 12 17:48 sha256sum.exe*
-rwxr-xr-x 1 Lenovo 197121   61372 Feb 12 17:48 sha384sum.exe*
-rwxr-xr-x 1 Lenovo 197121   61372 Feb 12 17:48 sha512sum.exe*
-rwxr-xr-x 1 Lenovo 197121   58509 Feb 12 17:48 shred.exe*
-rwxr-xr-x 1 Lenovo 197121   54163 Feb 12 17:48 shuf.exe*
-rwxr-xr-x 1 Lenovo 197121   36003 Feb 12 17:48 sleep.exe*
-rwxr-xr-x 1 Lenovo 197121  109591 Feb 12 17:48 sort.exe*
-rwxr-xr-x 1 Lenovo 197121   54181 Feb 12 17:48 split.exe*
-rwxr-xr-x 1 Lenovo 197121  415623 Feb 12 17:48 ssh-add.exe*
-rwxr-xr-x 1 Lenovo 197121  392043 Feb 12 17:48 ssh-agent.exe*
-rwxr-xr-x 1 Lenovo 197121   14421 Feb 12 17:48 ssh-copy-id*
-rwxr-xr-x 1 Lenovo 197121  531343 Feb 12 17:48 ssh-keygen.exe*
-rwxr-xr-x 1 Lenovo 197121  571699 Feb 12 17:48 ssh-keyscan.exe*
-rwxr-xr-x 1 Lenovo 197121   22634 Feb 12 17:48 ssh-pageant.exe*
-rwxr-xr-x 1 Lenovo 197121  976781 Feb 12 17:48 ssh.exe*
-rwxr-xr-x 1 Lenovo 197121   41562 Feb 12 17:48 ssp.exe*
-rwxr-xr-x 1 Lenovo 197121     246 Feb 12 17:48 start*
-rwxr-xr-x 1 Lenovo 197121   97209 Feb 12 17:48 stat.exe*
-rwxr-xr-x 1 Lenovo 197121   69024 Feb 12 17:48 stdbuf.exe*
-rwxr-xr-x 1 Lenovo 197121  340437 Feb 12 17:48 strace.exe*
-rwxr-xr-x 1 Lenovo 197121   90756 Feb 12 17:48 stty.exe*
-rwxr-xr-x 1 Lenovo 197121   42969 Feb 12 17:48 sum.exe*
-rwxr-xr-x 1 Lenovo 197121   34426 Feb 12 17:48 sync.exe*
-rwxr-xr-x 1 Lenovo 197121   15872 Feb 12 17:48 tabs.exe*
-rwxr-xr-x 1 Lenovo 197121  107732 Feb 12 17:48 tac.exe*
-rwxr-xr-x 1 Lenovo 197121   56617 Feb 12 17:48 tail.exe*
-rwxr-xr-x 1 Lenovo 197121  511486 Feb 12 17:48 tar.exe*
-rwxr-xr-x 1 Lenovo 197121   38794 Feb 12 17:48 tee.exe*
-rwxr-xr-x 1 Lenovo 197121   70331 Feb 12 17:48 test.exe*
-rwxr-xr-x 1 Lenovo 197121   81920 Feb 12 17:48 tic.exe*
-rwxr-xr-x 1 Lenovo 197121  685222 Feb 12 17:48 tig.exe*
-rwxr-xr-x 1 Lenovo 197121   41752 Feb 12 17:48 timeout.exe*
-rwxr-xr-x 1 Lenovo 197121   15872 Feb 12 17:48 toe.exe*
-rwxr-xr-x 1 Lenovo 197121  107463 Feb 12 17:48 touch.exe*
-rwxr-xr-x 1 Lenovo 197121   21504 Feb 12 17:48 tput.exe*
-rwxr-xr-x 1 Lenovo 197121   49460 Feb 12 17:48 tr.exe*
-rwxr-xr-x 1 Lenovo 197121   33123 Feb 12 17:48 true.exe*
-rwxr-xr-x 1 Lenovo 197121   39679 Feb 12 17:48 truncate.exe*
-rwxr-xr-x 1 Lenovo 197121  220665 Feb 12 17:48 trust.exe*
-rwxr-xr-x 1 Lenovo 197121   20480 Feb 12 17:48 tset.exe*
-rwxr-xr-x 1 Lenovo 197121   48935 Feb 12 17:48 tsort.exe*
-rwxr-xr-x 1 Lenovo 197121   33312 Feb 12 17:48 tty.exe*
-rwxr-xr-x 1 Lenovo 197121   63971 Feb 12 17:48 tzset.exe*
-rwxr-xr-x 1 Lenovo 197121   54337 Feb 12 17:48 u2d.exe*
-rwxr-xr-x 1 Lenovo 197121   24819 Feb 12 17:48 umount.exe*
-rwxr-xr-x 1 Lenovo 197121   35876 Feb 12 17:48 uname.exe*
-rwxr-xr-x 1 Lenovo 197121    2266 Feb 12 17:48 uncompress*
-rwxr-xr-x 1 Lenovo 197121   39225 Feb 12 17:48 unexpand.exe*
-rwxr-xr-x 1 Lenovo 197121   45019 Feb 12 17:48 uniq.exe*
-rwxr-xr-x 1 Lenovo 197121   54337 Feb 12 17:48 unix2dos.exe*
-rwxr-xr-x 1 Lenovo 197121   54337 Feb 12 17:48 unix2mac.exe*
-rwxr-xr-x 1 Lenovo 197121   33824 Feb 12 17:48 unlink.exe*
-rwxr-xr-x 1 Lenovo 197121  163884 Feb 12 17:48 unzip.exe*
-rwxr-xr-x 1 Lenovo 197121   77942 Feb 12 17:48 unzipsfx.exe*
-rwxr-xr-x 1 Lenovo 197121    1373 Feb 12 17:48 update-ca-trust*
-rwxr-xr-x 1 Lenovo 197121    9091 Feb 12 17:48 updatedb*
-rwxr-xr-x 1 Lenovo 197121   35078 Feb 12 17:48 users.exe*
-rwxr-xr-x 1 Lenovo 197121  149479 Feb 12 17:48 vdir.exe*
drwxr-xr-x 1 Lenovo 197121       0 Mar 29 14:43 vendor_perl/
-rwxr-xr-x 1 Lenovo 197121      25 Feb 12 17:48 vi*
-rwxr-xr-x 1 Lenovo 197121 3826123 Feb 12 17:48 view.exe*
-rwxr-xr-x 1 Lenovo 197121 3826123 Feb 12 17:48 vim.exe*
-rwxr-xr-x 1 Lenovo 197121 3826123 Feb 12 17:48 vimdiff.exe*
-rwxr-xr-x 1 Lenovo 197121    4870 Feb 12 17:48 vimtutor*
-rwxr-xr-x 1 Lenovo 197121   19296 Feb 12 17:48 watchgnupg.exe*
-rwxr-xr-x 1 Lenovo 197121   47366 Feb 12 17:48 wc.exe*
-rwxr-xr-x 1 Lenovo 197121   30524 Feb 12 17:48 which.exe*
-rwxr-xr-x 1 Lenovo 197121   70291 Feb 12 17:48 who.exe*
-rwxr-xr-x 1 Lenovo 197121   33887 Feb 12 17:48 whoami.exe*
-rwxr-xr-x 1 Lenovo 197121  361472 Feb 12 17:48 winpty-agent.exe*
-rwxr-xr-x 1 Lenovo 197121  242688 Feb 12 17:48 winpty-debugserver.exe*
-rwxr-xr-x 1 Lenovo 197121  279552 Feb 12 17:48 winpty.dll*
-rwxr-xr-x 1 Lenovo 197121  185344 Feb 12 17:48 winpty.exe*
-rwxr-xr-x 1 Lenovo 197121     635 Feb 12 17:48 wordpad*
-rwxr-xr-x 1 Lenovo 197121   78321 Feb 12 17:48 xargs.exe*
-rwxr-xr-x 1 Lenovo 197121   23660 Feb 12 17:48 xxd.exe*
-rwxr-xr-x 1 Lenovo 197121   38625 Feb 12 17:48 yat2m.exe*
-rwxr-xr-x 1 Lenovo 197121   33823 Feb 12 17:48 yes.exe*
-rwxr-xr-x 1 Lenovo 197121    1904 Feb 12 17:48 zcat*
-rwxr-xr-x 1 Lenovo 197121    1609 Feb 12 17:48 zcmp*
-rwxr-xr-x 1 Lenovo 197121    6386 Feb 12 17:48 zdiff*
-rwxr-xr-x 1 Lenovo 197121      29 Feb 12 17:48 zegrep*
-rwxr-xr-x 1 Lenovo 197121      29 Feb 12 17:48 zfgrep*
-rwxr-xr-x 1 Lenovo 197121    2007 Feb 12 17:48 zforce*
-rwxr-xr-x 1 Lenovo 197121    8145 Feb 12 17:48 zgrep*
-rwxr-xr-x 1 Lenovo 197121    2953 Feb 12 17:48 zipgrep*
-rwxr-xr-x 1 Lenovo 197121  163884 Feb 12 17:48 zipinfo.exe*
-rwxr-xr-x 1 Lenovo 197121    2365 Feb 12 17:48 zless*
-rwxr-xr-x 1 Lenovo 197121    4561 Feb 12 17:48 znew*
denied: unauthorized access attempt at Tue Mar 31 01:29:22 IST 2026
denied: 403 Forbidden error detected
